<?xml version="1.0" encoding="UTF-8"?>
<!-- Generated by org.testng.reporters.JUnitReportReporter -->
<testsuite hostname="DESKTOP-JEU0I5O" failures="0" tests="1" name="Pract.TestYantra1Test" time="39.895" errors="0" timestamp="2024-01-28T21:24:36 IST" skipped="0">
  <testcase classname="Pract.TestYantra1Test" name="testYantra1test" time="39.895"/>
  <system-out/>
</testsuite> <!-- Pract.TestYantra1Test -->
