<?xml version="1.0" encoding="UTF-8"?>
<!-- Generated by org.testng.reporters.JUnitReportReporter -->
<testsuite hostname="DESKTOP-JEU0I5O" failures="0" tests="1" name="Pract.LogTest" time="16.956" errors="0" timestamp="2024-01-28T10:13:09 PST" skipped="0">
  <testcase classname="Pract.LogTest" name="LoginWithInvalidDataTest" time="16.956"/>
  <system-out/>
</testsuite> <!-- Pract.LogTest -->
