<?xml version="1.0" encoding="UTF-8"?>
<!-- Generated by org.testng.reporters.JUnitReportReporter -->
<testsuite hostname="DESKTOP-JEU0I5O" failures="0" tests="1" name="Pract.AkshataLogTest" time="11.524" errors="0" timestamp="2024-01-28T20:50:24 IST" skipped="0">
  <testcase classname="Pract.AkshataLogTest" name="LoginPageTest" time="11.524"/>
  <system-out/>
</testsuite> <!-- Pract.AkshataLogTest -->
